<?xml version="1.0" encoding="UTF-8"?>
<coverage generated="1637217458542" clover="3.2.0">
  <project timestamp="1637217458542" name="All files">
    <metrics statements="0" coveredstatements="0" conditionals="0" coveredconditionals="0" methods="0" coveredmethods="0" elements="0" coveredelements="0" complexity="0" loc="0" ncloc="0" packages="1" files="1" classes="1"/>
    <file name="react-app-env.d.ts" path="C:\QMWORK\develop\react\component\zqm-react-carousel\src\react-app-env.d.ts">
      <metrics statements="0" coveredstatements="0" conditionals="0" coveredconditionals="0" methods="0" coveredmethods="0"/>
    </file>
  </project>
</coverage>
